<?xml version="1.0" encoding="UTF-8"?>
<!-- Generated by org.testng.reporters.JUnitReportReporter -->
<testsuite hostname="DESKTOP-DIEMA60" failures="0" tests="1" name="amazon_test.Amazon_CartWithoutlogin_TestCase15" time="14.519" errors="0" timestamp="2024-10-02T23:43:44 IST" skipped="0">
  <testcase classname="amazon_test.Amazon_CartWithoutlogin_TestCase15" name="cartpagewithoutlogin" time="14.519"/>
  <system-out>
    <![CDATA[Test Case Is Passed
Test Case Is Passed]]>
  </system-out>
</testsuite> <!-- amazon_test.Amazon_CartWithoutlogin_TestCase15 -->
