<?xml version="1.0" encoding="UTF-8"?>
<!-- Generated by org.testng.reporters.JUnitReportReporter -->
<testsuite hostname="DESKTOP-DIEMA60" failures="0" tests="1" name="amazon_test.Amazon_SearchingWithFilters_TestCase6" time="32.394" errors="0" timestamp="2024-09-28T01:34:10 IST" skipped="0">
  <testcase classname="amazon_test.Amazon_SearchingWithFilters_TestCase6" name="searchbycategory" time="32.394"/>
  <system-out>
    <![CDATA[Test Case Is Passed
Test Case Is Passed]]>
  </system-out>
</testsuite> <!-- amazon_test.Amazon_SearchingWithFilters_TestCase6 -->
