<?xml version="1.0" encoding="UTF-8"?>
<!-- Generated by org.testng.reporters.JUnitReportReporter -->
<testsuite hostname="DESKTOP-DIEMA60" failures="0" tests="1" name="amazon_test.Amazon_MyOrderPage_TestCase14" time="15.476" errors="0" timestamp="2024-10-02T23:09:35 IST" skipped="0">
  <testcase classname="amazon_test.Amazon_MyOrderPage_TestCase14" name="myorder" time="15.476"/>
  <system-out>
    <![CDATA[Test Case Is Passed
Test Case Is Passed]]>
  </system-out>
</testsuite> <!-- amazon_test.Amazon_MyOrderPage_TestCase14 -->
