<?xml version="1.0" encoding="UTF-8"?>
<!-- Generated by org.testng.reporters.JUnitReportReporter -->
<testsuite hostname="DESKTOP-DIEMA60" failures="0" tests="1" name="amazon_test.AmazonRegistration_TestCase1" time="15.985" errors="0" timestamp="2024-09-22T23:10:38 IST" skipped="0">
  <testcase classname="amazon_test.AmazonRegistration_TestCase1" name="login" time="15.985"/>
  <system-out/>
</testsuite> <!-- amazon_test.AmazonRegistration_TestCase1 -->
