<?xml version="1.0" encoding="UTF-8"?>
<!-- Generated by org.testng.reporters.JUnitReportReporter -->
<testsuite hostname="DESKTOP-DIEMA60" failures="0" tests="1" name="amazon_test.Amazon_login_TestCase2" time="11.542" errors="0" timestamp="2024-10-02T22:33:48 IST" skipped="0">
  <testcase classname="amazon_test.Amazon_login_TestCase2" name="login" time="11.542"/>
  <system-out>
    <![CDATA[Test Case Is Passed
Test Case Is Passed]]>
  </system-out>
</testsuite> <!-- amazon_test.Amazon_login_TestCase2 -->
