<?xml version="1.0" encoding="UTF-8"?>
<!-- Generated by org.testng.reporters.JUnitReportReporter -->
<testsuite hostname="DESKTOP-DIEMA60" failures="0" tests="1" name="amazon_test.Amazon_UpdateRemoveCartItems_TestCase10" time="19.556" errors="0" timestamp="2024-10-01T22:36:03 IST" skipped="0">
  <testcase classname="amazon_test.Amazon_UpdateRemoveCartItems_TestCase10" name="login" time="19.556"/>
  <system-out>
    <![CDATA[Test Case Is Passed
Test Case Is Passed]]>
  </system-out>
</testsuite> <!-- amazon_test.Amazon_UpdateRemoveCartItems_TestCase10 -->
