<?xml version="1.0" encoding="UTF-8"?>
<!-- Generated by org.testng.reporters.JUnitReportReporter -->
<testsuite hostname="DESKTOP-DIEMA60" failures="0" tests="1" name="amazon_test.Amazon_ProductDetails_TestCase6" time="31.479" errors="0" timestamp="2024-09-29T01:06:54 IST" skipped="0">
  <testcase classname="amazon_test.Amazon_ProductDetails_TestCase6" name="checkproductdetails" time="31.479"/>
  <system-out>
    <![CDATA[Test Case Is Passed
Test Case Is Passed]]>
  </system-out>
</testsuite> <!-- amazon_test.Amazon_ProductDetails_TestCase6 -->
