<?xml version="1.0" encoding="UTF-8"?>
<!-- Generated by org.testng.reporters.JUnitReportReporter -->
<testsuite hostname="DESKTOP-DIEMA60" failures="0" tests="1" name="amazon_test.AmazonHomePage_TestCase1" time="8.712" errors="0" timestamp="2024-09-23T17:38:11 IST" skipped="0">
  <testcase classname="amazon_test.AmazonHomePage_TestCase1" name="homepage" time="8.712"/>
  <system-out/>
</testsuite> <!-- amazon_test.AmazonHomePage_TestCase1 -->
