<?xml version="1.0" encoding="UTF-8"?>
<!-- Generated by org.testng.reporters.JUnitReportReporter -->
<testsuite hostname="DESKTOP-DIEMA60" failures="0" tests="1" name="amazon_test.LoginValidation_TestCase3" time="8.050" errors="0" timestamp="2024-10-02T00:07:23 IST" skipped="0">
  <testcase classname="amazon_test.LoginValidation_TestCase3" name="login" time="8.050"/>
  <system-out/>
</testsuite> <!-- amazon_test.LoginValidation_TestCase3 -->
