<?xml version="1.0" encoding="UTF-8"?>
<!-- Generated by org.testng.reporters.JUnitReportReporter -->
<testsuite hostname="DESKTOP-DIEMA60" failures="0" tests="1" name="amazon_test.Amazon_SearchProduct_TestCase5" time="14.203" errors="0" timestamp="2024-09-27T19:51:57 IST" skipped="0">
  <testcase classname="amazon_test.Amazon_SearchProduct_TestCase5" name="searchproduct" time="14.203"/>
  <system-out>
    <![CDATA[Test Case Is Passed
Test Case Is Passed]]>
  </system-out>
</testsuite> <!-- amazon_test.Amazon_SearchProduct_TestCase5 -->
