<?xml version="1.0" encoding="UTF-8"?>
<!-- Generated by org.testng.reporters.JUnitReportReporter -->
<testsuite hostname="DESKTOP-DIEMA60" failures="0" tests="1" name="amazon_test.Amazon_SearchProduct_TestCase5" time="13.686" errors="0" timestamp="2024-10-04T00:25:46 IST" skipped="0">
  <testcase classname="amazon_test.Amazon_SearchProduct_TestCase5" name="searchproduct" time="13.686">
    <system-out>
      <![CDATA[Test Case Is Passed
Test Case Is Passed]]>
    </system-out>
  </testcase> <!-- searchproduct -->
  <system-out>
    <![CDATA[Test Case Is Passed
Test Case Is Passed
Test Case Is Passed
Test Case Is Passed]]>
  </system-out>
</testsuite> <!-- amazon_test.Amazon_SearchProduct_TestCase5 -->
