<?xml version="1.0" encoding="UTF-8"?>
<!-- Generated by org.testng.reporters.JUnitReportReporter -->
<testsuite hostname="DESKTOP-DIEMA60" failures="0" tests="1" name="amazon_test.Amazon_SearchingWithFilters_TestCase6" time="19.115" errors="0" timestamp="2024-10-04T00:25:46 IST" skipped="0">
  <testcase classname="amazon_test.Amazon_SearchingWithFilters_TestCase6" name="searchbycategory" time="19.115">
    <system-out>
      <![CDATA[Test Case Is Passed
Test Case Is Passed]]>
    </system-out>
  </testcase> <!-- searchbycategory -->
  <system-out>
    <![CDATA[Test Case Is Passed
Test Case Is Passed
Test Case Is Passed
Test Case Is Passed]]>
  </system-out>
</testsuite> <!-- amazon_test.Amazon_SearchingWithFilters_TestCase6 -->
